<?xml version="1.0" encoding="UTF-8"?>
<!-- Generated by org.testng.reporters.JUnitXMLReporter -->
<testsuite ignored="0" hostname="home.local" failures="0" tests="3" name="Surefire test" time="51.924" errors="0" timestamp="2025-05-12T01:04:52 EEST">
  <testcase classname="tests.ProductSearchTest" name="testVerifyThatItemWithCurrentNameIsExistInList" time="12.005"/>
  <testcase classname="tests.AddToCartTest" name="testAddProductTo" time="13.529"/>
  <testcase classname="tests.FilterByBrandTest" name="testFilterByBrandSamsung" time="14.644"/>
</testsuite> <!-- Surefire test -->
