<?xml version="1.0" encoding="UTF-8"?>
<testng-results ignored="0" total="3" passed="3" failed="0" skipped="0">
  <reporter-output>
  </reporter-output>
  <suite started-at="2025-05-12T01:03:55 EEST" name="Surefire suite" finished-at="2025-05-12T01:04:47 EEST" duration-ms="51924">
    <groups>
    </groups>
    <test started-at="2025-05-12T01:03:55 EEST" name="Surefire test" finished-at="2025-05-12T01:04:47 EEST" duration-ms="51924">
      <class name="tests.FilterByBrandTest">
        <test-method is-config="true" signature="setUp(java.lang.String)[pri:0, instance:tests.FilterByBrandTest@5d25e6bb]" started-at="2025-05-12T01:04:28 EEST" name="setUp" finished-at="2025-05-12T01:04:32 EEST" duration-ms="3804" status="PASS">
          <params>
            <param index="0">
              <value>
                <![CDATA[chrome]]>
              </value>
            </param>
          </params>
          <reporter-output>
          </reporter-output>
        </test-method> <!-- setUp -->
        <test-method signature="testFilterByBrandSamsung()[pri:0, instance:tests.FilterByBrandTest@5d25e6bb]" started-at="2025-05-12T01:04:32 EEST" name="testFilterByBrandSamsung" finished-at="2025-05-12T01:04:47 EEST" duration-ms="14644" status="PASS">
          <reporter-output>
          </reporter-output>
        </test-method> <!-- testFilterByBrandSamsung -->
        <test-method is-config="true" signature="tearDown()[pri:0, instance:tests.FilterByBrandTest@5d25e6bb]" started-at="2025-05-12T01:04:47 EEST" name="tearDown" finished-at="2025-05-12T01:04:47 EEST" duration-ms="211" status="PASS">
          <reporter-output>
          </reporter-output>
        </test-method> <!-- tearDown -->
      </class> <!-- tests.FilterByBrandTest -->
      <class name="tests.AddToCartTest">
        <test-method is-config="true" signature="setUp(java.lang.String)[pri:0, instance:tests.AddToCartTest@493dfb8e]" started-at="2025-05-12T01:04:12 EEST" name="setUp" finished-at="2025-05-12T01:04:15 EEST" duration-ms="2469" status="PASS">
          <params>
            <param index="0">
              <value>
                <![CDATA[chrome]]>
              </value>
            </param>
          </params>
          <reporter-output>
          </reporter-output>
        </test-method> <!-- setUp -->
        <test-method signature="testAddProductTo()[pri:0, instance:tests.AddToCartTest@493dfb8e]" started-at="2025-05-12T01:04:15 EEST" name="testAddProductTo" finished-at="2025-05-12T01:04:28 EEST" duration-ms="13529" status="PASS">
          <reporter-output>
          </reporter-output>
        </test-method> <!-- testAddProductTo -->
        <test-method is-config="true" signature="tearDown()[pri:0, instance:tests.AddToCartTest@493dfb8e]" started-at="2025-05-12T01:04:28 EEST" name="tearDown" finished-at="2025-05-12T01:04:28 EEST" duration-ms="241" status="PASS">
          <reporter-output>
          </reporter-output>
        </test-method> <!-- tearDown -->
      </class> <!-- tests.AddToCartTest -->
      <class name="tests.ProductSearchTest">
        <test-method is-config="true" signature="setUp(java.lang.String)[pri:0, instance:tests.ProductSearchTest@5b6813df]" started-at="2025-05-12T01:03:55 EEST" name="setUp" finished-at="2025-05-12T01:04:00 EEST" duration-ms="4664" status="PASS">
          <params>
            <param index="0">
              <value>
                <![CDATA[chrome]]>
              </value>
            </param>
          </params>
          <reporter-output>
          </reporter-output>
        </test-method> <!-- setUp -->
        <test-method signature="testVerifyThatItemWithCurrentNameIsExistInList()[pri:0, instance:tests.ProductSearchTest@5b6813df]" started-at="2025-05-12T01:04:00 EEST" name="testVerifyThatItemWithCurrentNameIsExistInList" description="Verify item appears in search results" finished-at="2025-05-12T01:04:12 EEST" duration-ms="12005" status="PASS">
          <reporter-output>
          </reporter-output>
        </test-method> <!-- testVerifyThatItemWithCurrentNameIsExistInList -->
        <test-method is-config="true" signature="tearDown()[pri:0, instance:tests.ProductSearchTest@5b6813df]" started-at="2025-05-12T01:04:12 EEST" name="tearDown" finished-at="2025-05-12T01:04:12 EEST" duration-ms="276" status="PASS">
          <reporter-output>
          </reporter-output>
        </test-method> <!-- tearDown -->
      </class> <!-- tests.ProductSearchTest -->
    </test> <!-- Surefire test -->
  </suite> <!-- Surefire suite -->
</testng-results>
