<?xml version="1.0" encoding="UTF-8"?>
<testsuite xmlns:xsi="http://www.w3.org/2001/XMLSchema-instance" xsi:noNamespaceSchemaLocation="https://maven.apache.org/surefire/maven-surefire-plugin/xsd/surefire-test-report-3.0.xsd" version="3.0" name="TestSuite" time="62.739" tests="3" errors="0" skipped="0" failures="0">
  <properties>
[...]
</properties>
  <testcase name="testVerifyThatItemWithCurrentNameIsExistInList" classname="tests.ProductSearchTest" time="6.987">
    <system-out><![CDATA[01:03:55.458 [main] WARN  [] TestNG - Ignoring duplicate listener : io.qameta.allure.testng.AllureTestNg
01:03:55.459 [main] WARN  [] TestNG - Ignoring duplicate listener : io.qameta.allure.testng.AllureTestNg
01:03:55.460 [main] WARN  [] TestNG - Ignoring duplicate listener : io.qameta.allure.testng.AllureTestNg
01:03:55.570 [main] INFO  [TEST] TestListener - [ACTION] Test suite started: Surefire test
01:03:55.599 [main] INFO  [ACTION] BaseTest - Initializing WebDriver for browser: chrome
01:03:55.912 [main] INFO  [] WebDriverManager - Using chromedriver 136.0.7103.92 (resolved driver for Chrome 136)
01:03:55.929 [main] INFO  [] WebDriverManager - Exporting webdriver.chrome.driver as /Users/maryna/.cache/selenium/chromedriver/mac64/136.0.7103.92/chromedriver
01:03:57.731 [main] INFO  [ACTION] DriverFactory - Browser window maximized
01:04:00.294 [main] INFO  [TEST] TestListener - [ACTION] Starting test execution: testVerifyThatItemWithCurrentNameIsExistInList
01:04:05.313 [main] INFO  [ACTION] ProductSearchTest - Starting test: Verify item appears in search results
01:04:05.333 [main] INFO  [ACTION] ProductSearchTest - Searching for item: asus
01:04:05.334 [main] INFO  [TEST] HomePage - Searching for product with text: 'asus'
01:04:08.358 [main] ERROR [ERROR] HomePage - No products found to click!
01:04:08.570 [main] INFO  [ACTION] ProductSearchTest - Clicking first filtered product...
01:04:12.229 [main] INFO  [ACTION] ProductSearchTest - Getting product title from product page...
01:04:12.299 [main] INFO  [TEST] ProductSearchTest - Asserting all
]]></system-out>
    <system-err><![CDATA[May 12, 2025 1:03:57 AM org.openqa.selenium.devtools.CdpVersionFinder findNearestMatch
WARNING: Unable to find CDP implementation matching 136
May 12, 2025 1:03:57 AM org.openqa.selenium.chromium.ChromiumDriver lambda$new$5
WARNING: Unable to find version of CDP to use for 136.0.7103.93. You may need to include a dependency on a specific version of the CDP using something similar to `org.seleniumhq.selenium:selenium-devtools-v86:4.14.0` where the version ("v86") matches the version of the chromium-based browser you're using and the version number of the artifact is the same as Selenium's.
]]></system-err>
  </testcase>
  <testcase name="testAddProductTo" classname="tests.AddToCartTest" time="8.506">
    <system-out><![CDATA[01:04:12.307 [main] INFO  [TEST] TestListener - [ACTION] Test passed: testVerifyThatItemWithCurrentNameIsExistInList
01:04:12.308 [main] INFO  [ACTION] BaseTest - Closing WebDriver
01:04:12.582 [main] INFO  [ACTION] DriverFactory - Driver closed
01:04:12.587 [main] INFO  [ACTION] BaseTest - Initializing WebDriver for browser: chrome
01:04:12.595 [main] INFO  [] WebDriverManager - Using chromedriver 136.0.7103.92 (resolved driver for Chrome 136)
01:04:12.600 [main] INFO  [] WebDriverManager - Exporting webdriver.chrome.driver as /Users/maryna/.cache/selenium/chromedriver/mac64/136.0.7103.92/chromedriver
01:04:14.074 [main] INFO  [ACTION] DriverFactory - Browser window maximized
01:04:15.056 [main] INFO  [TEST] TestListener - [ACTION] Starting test execution: testAddProductTo
01:04:20.080 [main] INFO  [TEST] AddToCartTest - Test: Add item to cart started
01:04:20.082 [main] INFO  [ACTION] AddToCartTest - Searching for 'notebook'
01:04:20.082 [main] INFO  [TEST] HomePage - Searching for product with text: 'notebook'
01:04:21.141 [main] INFO  [ACTION] AddToCartTest - Checking that search results are visible
01:04:25.900 [main] INFO  [ACTION] AddToCartTest - Clicking the first product from filtered list
01:04:27.128 [main] INFO  [ACTION] AddToCartTest - Adding product to cart
01:04:27.128 [main] INFO  [ACTION] ProductPage - Adding product to cart...
01:04:27.273 [main] INFO  [ACTION] AddToCartTest - Opening cart
01:04:27.273 [main] INFO  [ACTION] ProductPage - Opening cart...
01:04:27.998 [main] INFO  [ACTION] AddToCartTest - Checking if modal with cart is visible
01:04:28.012 [main] WARN  [ERROR] HighlightingListener - Element not found for highlighting: By.cssSelector: rz-modal-layout.modal-layout
01:04:28.562 [main] INFO  [TEST] CartModalPage - Cart modal is visible
01:04:28.562 [main] INFO  [ACTION] AddToCartTest - Checking if cart has at least one item
01:04:28.585 [main] INFO  [TEST] AddToCartTest - Asserting all verifications
]]></system-out>
    <system-err><![CDATA[May 12, 2025 1:04:13 AM org.openqa.selenium.devtools.CdpVersionFinder findNearestMatch
WARNING: Unable to find CDP implementation matching 136
May 12, 2025 1:04:13 AM org.openqa.selenium.chromium.ChromiumDriver lambda$new$5
WARNING: Unable to find version of CDP to use for 136.0.7103.93. You may need to include a dependency on a specific version of the CDP using something similar to `org.seleniumhq.selenium:selenium-devtools-v86:4.14.0` where the version ("v86") matches the version of the chromium-based browser you're using and the version number of the artifact is the same as Selenium's.
]]></system-err>
  </testcase>
  <testcase name="testFilterByBrandSamsung" classname="tests.FilterByBrandTest" time="9.64">
    <system-out><![CDATA[01:04:28.586 [main] INFO  [TEST] TestListener - [ACTION] Test passed: testAddProductTo
01:04:28.587 [main] INFO  [ACTION] BaseTest - Closing WebDriver
01:04:28.828 [main] INFO  [ACTION] DriverFactory - Driver closed
01:04:28.829 [main] INFO  [ACTION] BaseTest - Initializing WebDriver for browser: chrome
01:04:28.836 [main] INFO  [] WebDriverManager - Using chromedriver 136.0.7103.92 (resolved driver for Chrome 136)
01:04:28.841 [main] INFO  [] WebDriverManager - Exporting webdriver.chrome.driver as /Users/maryna/.cache/selenium/chromedriver/mac64/136.0.7103.92/chromedriver
01:04:30.353 [main] INFO  [ACTION] DriverFactory - Browser window maximized
01:04:32.634 [main] INFO  [TEST] TestListener - [ACTION] Starting test execution: testFilterByBrandSamsung
01:04:37.638 [main] INFO  [] FilterByBrandTest - Test: Filter by brand 'Samsung' started
01:04:37.639 [main] INFO  [ACTION] FilterByBrandTest - Searching for 'headphones'
01:04:37.639 [main] INFO  [TEST] HomePage - Searching for product with text: 'headphones'
01:04:38.815 [main] INFO  [DEBUG] FilterByBrandTest - Checking if category items are present
01:04:44.959 [main] INFO  [ACTION] FilterByBrandTest - Selecting brand 'Samsung'
01:04:44.959 [main] INFO  [ACTION] HomePage - Selecting brand filter: Samsung
01:04:45.070 [main] INFO  [ACTION] BasePage - Scrolling to element by locator: By.xpath: //ul[contains(@class, 'checkbox-filter')]//a[contains(text(), 'Samsung')]
01:04:45.174 [main] INFO  [ACTION] BasePage - Clicking on element by locator: By.xpath: //ul[contains(@class, 'checkbox-filter')]//a[contains(text(), 'Samsung')]
01:04:46.646 [main] INFO  [DEBUG] FilterByBrandTest - Verifying filtered results match brand 'Samsung'
01:04:47.278 [main] INFO  [TEST] FilterByBrandTest - Asserting all
]]></system-out>
    <system-err><![CDATA[May 12, 2025 1:04:29 AM org.openqa.selenium.devtools.CdpVersionFinder findNearestMatch
WARNING: Unable to find CDP implementation matching 136
May 12, 2025 1:04:29 AM org.openqa.selenium.chromium.ChromiumDriver lambda$new$5
WARNING: Unable to find version of CDP to use for 136.0.7103.93. You may need to include a dependency on a specific version of the CDP using something similar to `org.seleniumhq.selenium:selenium-devtools-v86:4.14.0` where the version ("v86") matches the version of the chromium-based browser you're using and the version number of the artifact is the same as Selenium's.
]]></system-err>
  </testcase>
</testsuite>